<?xml version="1.0" encoding="UTF-8"?>
<robot generator="Robot 4.1 (Python 3.9.7 on win32)" generated="20210902 20:09:57.473" rpa="false" schemaversion="2">
<suite id="s1" name="CreateCharacters" source="C:\project\marvel-api\CreateCharacters.robot">
<test id="s1-t1" name="Deve cadastrar um personagem">
<kw name="Account And Set Headers">
<arg>mateus.belchior.98@gmail.com</arg>
<kw name="Create Dictionary" library="BuiltIn">
<var>&amp;{usuario}</var>
<arg>email=${email}</arg>
<doc>Creates and returns a dictionary based on the given ``items``.</doc>
<msg timestamp="20210902 20:09:57.968" level="INFO">&amp;{usuario} = { email=mateus.belchior.98@gmail.com }</msg>
<status status="PASS" starttime="20210902 20:09:57.968" endtime="20210902 20:09:57.968"/>
</kw>
<kw name="POST" library="RequestsLibrary">
<var>${response}</var>
<arg>http://marvel.qaninja.academy/accounts</arg>
<arg>json=${usuario}</arg>
<doc>Sends a POST request.</doc>
<msg timestamp="20210902 20:09:58.352" level="INFO">POST Request : url=http://marvel.qaninja.academy/accounts 
 path_url=/accounts 
 headers={'User-Agent': 'python-requests/2.26.0', 'Accept-Encoding': 'gzip, deflate', 'Accept': '*/*', 'Connection': 'keep-alive', 'Content-Length': '41', 'Content-Type': 'application/json'} 
 body=b'{"email": "mateus.belchior.98@gmail.com"}' 
 </msg>
<msg timestamp="20210902 20:09:58.352" level="INFO">POST Response : url=http://marvel.qaninja.academy/accounts 
 status=200, reason=OK 
 headers={'Server': 'Cowboy', 'Connection': 'keep-alive', 'X-Powered-By': 'Express', 'Access-Control-Allow-Origin': '*', 'Content-Type': 'application/json; charset=utf-8', 'Content-Length': '41', 'Etag': 'W/"29-p8cKA1dF4V+4nkZ9OdnKeF4NxS8"', 'Date': 'Thu, 02 Sep 2021 23:09:57 GMT', 'Via': '1.1 vegur'} 
 body={"client_key":"61300e60874ab200165f0bae"} 
 </msg>
<msg timestamp="20210902 20:09:58.352" level="INFO">${response} = &lt;Response [200]&gt;</msg>
<status status="PASS" starttime="20210902 20:09:57.968" endtime="20210902 20:09:58.352"/>
</kw>
<kw name="Set Variable" library="BuiltIn">
<var>${client_key}</var>
<arg>${response.json()}[client_key]</arg>
<doc>Returns the given values which can then be assigned to a variables.</doc>
<msg timestamp="20210902 20:09:58.353" level="INFO">${client_key} = 61300e60874ab200165f0bae</msg>
<status status="PASS" starttime="20210902 20:09:58.353" endtime="20210902 20:09:58.353"/>
</kw>
<kw name="Create Dictionary" library="BuiltIn">
<var>&amp;{HEADERS}</var>
<arg>client_key=${client_key}</arg>
<doc>Creates and returns a dictionary based on the given ``items``.</doc>
<msg timestamp="20210902 20:09:58.354" level="INFO">&amp;{HEADERS} = { client_key=61300e60874ab200165f0bae }</msg>
<status status="PASS" starttime="20210902 20:09:58.353" endtime="20210902 20:09:58.354"/>
</kw>
<kw name="Set Suite Variable" library="BuiltIn">
<arg>${HEADERS}</arg>
<doc>Makes a variable available everywhere within the scope of the current suite.</doc>
<msg timestamp="20210902 20:09:58.354" level="INFO">${HEADERS} = {'client_key': '61300e60874ab200165f0bae'}</msg>
<status status="PASS" starttime="20210902 20:09:58.354" endtime="20210902 20:09:58.354"/>
</kw>
<status status="PASS" starttime="20210902 20:09:57.967" endtime="20210902 20:09:58.354"/>
</kw>
<kw name="Factory Thanos" library="Thanos">
<var>&amp;{personagem}</var>
<msg timestamp="20210902 20:09:58.355" level="INFO">&amp;{personagem} = { name=Mark Hernandez | aliases=Thanos | age=3000 | team=Ordem Negra | active=False }</msg>
<status status="PASS" starttime="20210902 20:09:58.354" endtime="20210902 20:09:58.355"/>
</kw>
<kw name="POST" library="RequestsLibrary">
<var>${response}</var>
<arg>http://marvel.qaninja.academy/characters</arg>
<arg>json=${personagem}</arg>
<arg>headers=${headers}</arg>
<doc>Sends a POST request.</doc>
<msg timestamp="20210902 20:09:58.657" level="INFO">POST Request : url=http://marvel.qaninja.academy/characters 
 path_url=/characters 
 headers={'User-Agent': 'python-requests/2.26.0', 'Accept-Encoding': 'gzip, deflate', 'Accept': '*/*', 'Connection': 'keep-alive', 'client_key': '61300e60874ab200165f0bae', 'Content-Length': '100', 'Content-Type': 'application/json'} 
 body=b'{"name": "Mark Hernandez", "aliases": "Thanos", "age": 3000, "team": "Ordem Negra", "active": false}' 
 </msg>
<msg timestamp="20210902 20:09:58.657" level="INFO">POST Response : url=http://marvel.qaninja.academy/characters 
 status=200, reason=OK 
 headers={'Server': 'Cowboy', 'Connection': 'keep-alive', 'X-Powered-By': 'Express', 'Access-Control-Allow-Origin': '*', 'Content-Type': 'application/json; charset=utf-8', 'Content-Length': '159', 'Etag': 'W/"9f-lf7GjDje6iF+hyzhgAQEsttwgks"', 'Date': 'Thu, 02 Sep 2021 23:09:58 GMT', 'Via': '1.1 vegur'} 
 body={"_id":"613159c62f65af00162b38fc","name":"Mark Hernandez","age":3000,"aliases":"Thanos","team":"Ordem Negra","active":false,"owner":"61300e60874ab200165f0bae"} 
 </msg>
<msg timestamp="20210902 20:09:58.657" level="INFO">${response} = &lt;Response [200]&gt;</msg>
<status status="PASS" starttime="20210902 20:09:58.355" endtime="20210902 20:09:58.657"/>
</kw>
<kw name="Status Should Be" library="RequestsLibrary">
<arg>200</arg>
<arg>${response}</arg>
<doc>Fails if response status code is different than the expected.</doc>
<status status="PASS" starttime="20210902 20:09:58.657" endtime="20210902 20:09:58.657"/>
</kw>
<status status="PASS" starttime="20210902 20:09:57.967" endtime="20210902 20:09:58.657"/>
</test>
<doc>Suite de Teste do cadastro de personagens na API da Marvel</doc>
<status status="PASS" starttime="20210902 20:09:57.474" endtime="20210902 20:09:58.662"/>
</suite>
<statistics>
<total>
<stat pass="1" fail="0" skip="0">All Tests</stat>
</total>
<tag>
</tag>
<suite>
<stat pass="1" fail="0" skip="0" id="s1" name="CreateCharacters">CreateCharacters</stat>
</suite>
</statistics>
<errors>
</errors>
</robot>
