<?xml version="1.0" encoding="UTF-8"?>
<robot generator="Robot 4.1 (Python 3.9.7 on win32)" generated="20210903 21:34:54.322" rpa="false" schemaversion="2">
<suite id="s1" name="Specs" source="C:\project\marvel-api\specs">
<suite id="s1-s1" name="CreateCharacters" source="C:\project\marvel-api\specs\CreateCharacters.robot">
<kw name="Super Setup" library="Base" type="SETUP">
<arg>mateus.belchior.98@gmail.com</arg>
<kw name="Set Client Key" library="Base">
<arg>${email}</arg>
<kw name="Create Dictionary" library="BuiltIn">
<var>&amp;{usuario}</var>
<arg>email=${email}</arg>
<doc>Creates and returns a dictionary based on the given ``items``.</doc>
<msg timestamp="20210903 21:34:54.513" level="INFO">&amp;{usuario} = { email=mateus.belchior.98@gmail.com }</msg>
<status status="PASS" starttime="20210903 21:34:54.513" endtime="20210903 21:34:54.513"/>
</kw>
<kw name="POST" library="RequestsLibrary">
<var>${response}</var>
<arg>${API_URL}/accounts</arg>
<arg>json=${usuario}</arg>
<doc>Sends a POST request.</doc>
<msg timestamp="20210903 21:34:54.829" level="INFO">POST Request : url=http://marvel.qaninja.academy/accounts 
 path_url=/accounts 
 headers={'User-Agent': 'python-requests/2.26.0', 'Accept-Encoding': 'gzip, deflate', 'Accept': '*/*', 'Connection': 'keep-alive', 'Content-Length': '41', 'Content-Type': 'application/json'} 
 body=b'{"email": "mateus.belchior.98@gmail.com"}' 
 </msg>
<msg timestamp="20210903 21:34:54.829" level="INFO">POST Response : url=http://marvel.qaninja.academy/accounts 
 status=200, reason=OK 
 headers={'Server': 'Cowboy', 'Connection': 'keep-alive', 'X-Powered-By': 'Express', 'Access-Control-Allow-Origin': '*', 'Content-Type': 'application/json; charset=utf-8', 'Content-Length': '41', 'Etag': 'W/"29-p8cKA1dF4V+4nkZ9OdnKeF4NxS8"', 'Date': 'Sat, 04 Sep 2021 00:34:54 GMT', 'Via': '1.1 vegur'} 
 body={"client_key":"61300e60874ab200165f0bae"} 
 </msg>
<msg timestamp="20210903 21:34:54.829" level="INFO">${response} = &lt;Response [200]&gt;</msg>
<status status="PASS" starttime="20210903 21:34:54.514" endtime="20210903 21:34:54.829"/>
</kw>
<kw name="Set Variable" library="BuiltIn">
<var>${client_key}</var>
<arg>${response.json()}[client_key]</arg>
<doc>Returns the given values which can then be assigned to a variables.</doc>
<msg timestamp="20210903 21:34:54.831" level="INFO">${client_key} = 61300e60874ab200165f0bae</msg>
<status status="PASS" starttime="20210903 21:34:54.830" endtime="20210903 21:34:54.831"/>
</kw>
<kw name="Create Dictionary" library="BuiltIn">
<var>&amp;{HEADERS}</var>
<arg>client_key=${client_key}</arg>
<doc>Creates and returns a dictionary based on the given ``items``.</doc>
<msg timestamp="20210903 21:34:54.833" level="INFO">&amp;{HEADERS} = { client_key=61300e60874ab200165f0bae }</msg>
<status status="PASS" starttime="20210903 21:34:54.833" endtime="20210903 21:34:54.833"/>
</kw>
<kw name="Set Suite Variable" library="BuiltIn">
<arg>${HEADERS}</arg>
<doc>Makes a variable available everywhere within the scope of the current suite.</doc>
<msg timestamp="20210903 21:34:54.834" level="INFO">${HEADERS} = {'client_key': '61300e60874ab200165f0bae'}</msg>
<status status="PASS" starttime="20210903 21:34:54.833" endtime="20210903 21:34:54.834"/>
</kw>
<status status="PASS" starttime="20210903 21:34:54.512" endtime="20210903 21:34:54.834"/>
</kw>
<kw name="Back To The Past" library="Base">
<kw name="DELETE" library="RequestsLibrary">
<arg>${API_URL}/delorean</arg>
<arg>headers=${HEADERS}</arg>
<doc>Sends a DELETE request.</doc>
<msg timestamp="20210903 21:34:55.133" level="INFO">DELETE Request : url=http://marvel.qaninja.academy/delorean 
 path_url=/delorean 
 headers={'User-Agent': 'python-requests/2.26.0', 'Accept-Encoding': 'gzip, deflate', 'Accept': '*/*', 'Connection': 'keep-alive', 'client_key': '61300e60874ab200165f0bae', 'Content-Length': '0'} 
 body=None 
 </msg>
<msg timestamp="20210903 21:34:55.133" level="INFO">DELETE Response : url=http://marvel.qaninja.academy/delorean 
 status=200, reason=OK 
 headers={'Server': 'Cowboy', 'Connection': 'keep-alive', 'X-Powered-By': 'Express', 'Access-Control-Allow-Origin': '*', 'Content-Type': 'application/json; charset=utf-8', 'Content-Length': '31', 'Etag': 'W/"1f-ImqlboUfbv1n1FbEV48J/4RvhGg"', 'Date': 'Sat, 04 Sep 2021 00:34:54 GMT', 'Via': '1.1 vegur'} 
 body={"message":"Avengers Assemble"} 
 </msg>
<status status="PASS" starttime="20210903 21:34:54.835" endtime="20210903 21:34:55.133"/>
</kw>
<status status="PASS" starttime="20210903 21:34:54.835" endtime="20210903 21:34:55.134"/>
</kw>
<status status="PASS" starttime="20210903 21:34:54.512" endtime="20210903 21:34:55.134"/>
</kw>
<test id="s1-s1-t1" name="Deve cadastrar um personagem">
<kw name="Factory Thanos" library="Thanos">
<var>&amp;{personagem}</var>
<msg timestamp="20210903 21:34:55.135" level="INFO">&amp;{personagem} = { name=Thano de Titã | aliases=Thanos | age=3000 | team=Ordem Negra | active=False }</msg>
<status status="PASS" starttime="20210903 21:34:55.135" endtime="20210903 21:34:55.135"/>
</kw>
<kw name="POST New Character" library="Characters">
<var>${response}</var>
<arg>${personagem}</arg>
<kw name="POST" library="RequestsLibrary">
<var>${response}</var>
<arg>${API_URL}/characters</arg>
<arg>json=${payload}</arg>
<arg>headers=${HEADERS}</arg>
<arg>expected_status=any</arg>
<doc>Sends a POST request.</doc>
<msg timestamp="20210903 21:34:55.438" level="INFO">POST Request : url=http://marvel.qaninja.academy/characters 
 path_url=/characters 
 headers={'User-Agent': 'python-requests/2.26.0', 'Accept-Encoding': 'gzip, deflate', 'Accept': '*/*', 'Connection': 'keep-alive', 'client_key': '61300e60874ab200165f0bae', 'Content-Length': '104', 'Content-Type': 'application/json'} 
 body=b'{"name": "Thano de Tit\\u00e3", "aliases": "Thanos", "age": 3000, "team": "Ordem Negra", "active": false}' 
 </msg>
<msg timestamp="20210903 21:34:55.438" level="INFO">POST Response : url=http://marvel.qaninja.academy/characters 
 status=200, reason=OK 
 headers={'Server': 'Cowboy', 'Connection': 'keep-alive', 'X-Powered-By': 'Express', 'Access-Control-Allow-Origin': '*', 'Content-Type': 'application/json; charset=utf-8', 'Content-Length': '159', 'Etag': 'W/"9f-zNJBMet78X5ReseBp+XRmJj0hvQ"', 'Date': 'Sat, 04 Sep 2021 00:34:54 GMT', 'Via': '1.1 vegur'} 
 body={"_id":"6132bf2e6af31f00169d464f","name":"Thano de Titã","age":3000,"aliases":"Thanos","team":"Ordem Negra","active":false,"owner":"61300e60874ab200165f0bae"} 
 </msg>
<msg timestamp="20210903 21:34:55.438" level="INFO">${response} = &lt;Response [200]&gt;</msg>
<status status="PASS" starttime="20210903 21:34:55.136" endtime="20210903 21:34:55.438"/>
</kw>
<msg timestamp="20210903 21:34:55.439" level="INFO">${response} = &lt;Response [200]&gt;</msg>
<status status="PASS" starttime="20210903 21:34:55.136" endtime="20210903 21:34:55.439"/>
</kw>
<kw name="Status Should Be" library="RequestsLibrary">
<arg>200</arg>
<arg>${response}</arg>
<doc>Fails if response status code is different than the expected.</doc>
<status status="PASS" starttime="20210903 21:34:55.440" endtime="20210903 21:34:55.440"/>
</kw>
<status status="PASS" starttime="20210903 21:34:55.134" endtime="20210903 21:34:55.440"/>
</test>
<test id="s1-s1-t2" name="Não deve cadastrar com o mesmo nome">
<kw name="Factory Deadpool" library="Deadpool">
<var>${personagem}</var>
<msg timestamp="20210903 21:34:55.444" level="INFO">${personagem} = {'name': 'Wade Wilson', 'aliases': 'Deadpool', 'age': 30, 'team': 'X-Force', 'active': True}</msg>
<status status="PASS" starttime="20210903 21:34:55.443" endtime="20210903 21:34:55.444"/>
</kw>
<kw name="POST New Character" library="Characters">
<arg>${personagem}</arg>
<kw name="POST" library="RequestsLibrary">
<var>${response}</var>
<arg>${API_URL}/characters</arg>
<arg>json=${payload}</arg>
<arg>headers=${HEADERS}</arg>
<arg>expected_status=any</arg>
<doc>Sends a POST request.</doc>
<msg timestamp="20210903 21:34:55.785" level="INFO">POST Request : url=http://marvel.qaninja.academy/characters 
 path_url=/characters 
 headers={'User-Agent': 'python-requests/2.26.0', 'Accept-Encoding': 'gzip, deflate', 'Accept': '*/*', 'Connection': 'keep-alive', 'client_key': '61300e60874ab200165f0bae', 'Content-Length': '92', 'Content-Type': 'application/json'} 
 body=b'{"name": "Wade Wilson", "aliases": "Deadpool", "age": 30, "team": "X-Force", "active": true}' 
 </msg>
<msg timestamp="20210903 21:34:55.785" level="INFO">POST Response : url=http://marvel.qaninja.academy/characters 
 status=200, reason=OK 
 headers={'Server': 'Cowboy', 'Connection': 'keep-alive', 'X-Powered-By': 'Express', 'Access-Control-Allow-Origin': '*', 'Content-Type': 'application/json; charset=utf-8', 'Content-Length': '151', 'Etag': 'W/"97-YVOXEUrgoM7/74xPePemPT92e8o"', 'Date': 'Sat, 04 Sep 2021 00:34:55 GMT', 'Via': '1.1 vegur'} 
 body={"_id":"6132bf2f6af31f00169d4654","name":"Wade Wilson","age":30,"aliases":"Deadpool","team":"X-Force","active":true,"owner":"61300e60874ab200165f0bae"} 
 </msg>
<msg timestamp="20210903 21:34:55.785" level="INFO">${response} = &lt;Response [200]&gt;</msg>
<status status="PASS" starttime="20210903 21:34:55.444" endtime="20210903 21:34:55.785"/>
</kw>
<status status="PASS" starttime="20210903 21:34:55.444" endtime="20210903 21:34:55.786"/>
</kw>
<kw name="POST New Character" library="Characters">
<var>${response}</var>
<arg>${personagem}</arg>
<kw name="POST" library="RequestsLibrary">
<var>${response}</var>
<arg>${API_URL}/characters</arg>
<arg>json=${payload}</arg>
<arg>headers=${HEADERS}</arg>
<arg>expected_status=any</arg>
<doc>Sends a POST request.</doc>
<msg timestamp="20210903 21:34:56.155" level="INFO">POST Request : url=http://marvel.qaninja.academy/characters 
 path_url=/characters 
 headers={'User-Agent': 'python-requests/2.26.0', 'Accept-Encoding': 'gzip, deflate', 'Accept': '*/*', 'Connection': 'keep-alive', 'client_key': '61300e60874ab200165f0bae', 'Content-Length': '92', 'Content-Type': 'application/json'} 
 body=b'{"name": "Wade Wilson", "aliases": "Deadpool", "age": 30, "team": "X-Force", "active": true}' 
 </msg>
<msg timestamp="20210903 21:34:56.155" level="INFO">POST Response : url=http://marvel.qaninja.academy/characters 
 status=409, reason=Conflict 
 headers={'Server': 'Cowboy', 'Connection': 'keep-alive', 'X-Powered-By': 'Express', 'Access-Control-Allow-Origin': '*', 'Content-Type': 'application/json; charset=utf-8', 'Content-Length': '39', 'Etag': 'W/"27-u8CjYCAAYHK/l+EQR0JyKi0LQGU"', 'Date': 'Sat, 04 Sep 2021 00:34:55 GMT', 'Via': '1.1 vegur'} 
 body={"error":"Character already exists :("} 
 </msg>
<msg timestamp="20210903 21:34:56.155" level="INFO">${response} = &lt;Response [409]&gt;</msg>
<status status="PASS" starttime="20210903 21:34:55.787" endtime="20210903 21:34:56.155"/>
</kw>
<msg timestamp="20210903 21:34:56.156" level="INFO">${response} = &lt;Response [409]&gt;</msg>
<status status="PASS" starttime="20210903 21:34:55.786" endtime="20210903 21:34:56.156"/>
</kw>
<kw name="Status Should Be" library="RequestsLibrary">
<arg>409</arg>
<arg>${response}</arg>
<doc>Fails if response status code is different than the expected.</doc>
<status status="PASS" starttime="20210903 21:34:56.157" endtime="20210903 21:34:56.157"/>
</kw>
<kw name="Should Be Equal" library="BuiltIn">
<arg>${response.json()}[error]</arg>
<arg>Character already exists :(</arg>
<doc>Fails if the given objects are unequal.</doc>
<status status="PASS" starttime="20210903 21:34:56.157" endtime="20210903 21:34:56.158"/>
</kw>
<tag>dup</tag>
<status status="PASS" starttime="20210903 21:34:55.443" endtime="20210903 21:34:56.158"/>
</test>
<doc>Suite de Teste do cadastro de personagens na API da Marvel</doc>
<status status="PASS" starttime="20210903 21:34:54.416" endtime="20210903 21:34:56.162"/>
</suite>
<suite id="s1-s2" name="RemoveCharacters" source="C:\project\marvel-api\specs\RemoveCharacters.robot">
<kw name="Super Setup" library="Base" type="SETUP">
<arg>mateus@msn.com</arg>
<kw name="Set Client Key" library="Base">
<arg>${email}</arg>
<kw name="Create Dictionary" library="BuiltIn">
<var>&amp;{usuario}</var>
<arg>email=${email}</arg>
<doc>Creates and returns a dictionary based on the given ``items``.</doc>
<msg timestamp="20210903 21:34:56.173" level="INFO">&amp;{usuario} = { email=mateus@msn.com }</msg>
<status status="PASS" starttime="20210903 21:34:56.172" endtime="20210903 21:34:56.173"/>
</kw>
<kw name="POST" library="RequestsLibrary">
<var>${response}</var>
<arg>${API_URL}/accounts</arg>
<arg>json=${usuario}</arg>
<doc>Sends a POST request.</doc>
<msg timestamp="20210903 21:34:56.473" level="INFO">POST Request : url=http://marvel.qaninja.academy/accounts 
 path_url=/accounts 
 headers={'User-Agent': 'python-requests/2.26.0', 'Accept-Encoding': 'gzip, deflate', 'Accept': '*/*', 'Connection': 'keep-alive', 'Content-Length': '27', 'Content-Type': 'application/json'} 
 body=b'{"email": "mateus@msn.com"}' 
 </msg>
<msg timestamp="20210903 21:34:56.473" level="INFO">POST Response : url=http://marvel.qaninja.academy/accounts 
 status=200, reason=OK 
 headers={'Server': 'Cowboy', 'Connection': 'keep-alive', 'X-Powered-By': 'Express', 'Access-Control-Allow-Origin': '*', 'Content-Type': 'application/json; charset=utf-8', 'Content-Length': '41', 'Etag': 'W/"29-O21do5zr4nvIqzKyNVPwxFbJi9c"', 'Date': 'Sat, 04 Sep 2021 00:34:55 GMT', 'Via': '1.1 vegur'} 
 body={"client_key":"6132ac1d6af31f00169d37fa"} 
 </msg>
<msg timestamp="20210903 21:34:56.474" level="INFO">${response} = &lt;Response [200]&gt;</msg>
<status status="PASS" starttime="20210903 21:34:56.173" endtime="20210903 21:34:56.474"/>
</kw>
<kw name="Set Variable" library="BuiltIn">
<var>${client_key}</var>
<arg>${response.json()}[client_key]</arg>
<doc>Returns the given values which can then be assigned to a variables.</doc>
<msg timestamp="20210903 21:34:56.476" level="INFO">${client_key} = 6132ac1d6af31f00169d37fa</msg>
<status status="PASS" starttime="20210903 21:34:56.475" endtime="20210903 21:34:56.476"/>
</kw>
<kw name="Create Dictionary" library="BuiltIn">
<var>&amp;{HEADERS}</var>
<arg>client_key=${client_key}</arg>
<doc>Creates and returns a dictionary based on the given ``items``.</doc>
<msg timestamp="20210903 21:34:56.477" level="INFO">&amp;{HEADERS} = { client_key=6132ac1d6af31f00169d37fa }</msg>
<status status="PASS" starttime="20210903 21:34:56.476" endtime="20210903 21:34:56.477"/>
</kw>
<kw name="Set Suite Variable" library="BuiltIn">
<arg>${HEADERS}</arg>
<doc>Makes a variable available everywhere within the scope of the current suite.</doc>
<msg timestamp="20210903 21:34:56.478" level="INFO">${HEADERS} = {'client_key': '6132ac1d6af31f00169d37fa'}</msg>
<status status="PASS" starttime="20210903 21:34:56.477" endtime="20210903 21:34:56.478"/>
</kw>
<status status="PASS" starttime="20210903 21:34:56.172" endtime="20210903 21:34:56.478"/>
</kw>
<kw name="Back To The Past" library="Base">
<kw name="DELETE" library="RequestsLibrary">
<arg>${API_URL}/delorean</arg>
<arg>headers=${HEADERS}</arg>
<doc>Sends a DELETE request.</doc>
<msg timestamp="20210903 21:34:56.773" level="INFO">DELETE Request : url=http://marvel.qaninja.academy/delorean 
 path_url=/delorean 
 headers={'User-Agent': 'python-requests/2.26.0', 'Accept-Encoding': 'gzip, deflate', 'Accept': '*/*', 'Connection': 'keep-alive', 'client_key': '6132ac1d6af31f00169d37fa', 'Content-Length': '0'} 
 body=None 
 </msg>
<msg timestamp="20210903 21:34:56.773" level="INFO">DELETE Response : url=http://marvel.qaninja.academy/delorean 
 status=200, reason=OK 
 headers={'Server': 'Cowboy', 'Connection': 'keep-alive', 'X-Powered-By': 'Express', 'Access-Control-Allow-Origin': '*', 'Content-Type': 'application/json; charset=utf-8', 'Content-Length': '31', 'Etag': 'W/"1f-ImqlboUfbv1n1FbEV48J/4RvhGg"', 'Date': 'Sat, 04 Sep 2021 00:34:55 GMT', 'Via': '1.1 vegur'} 
 body={"message":"Avengers Assemble"} 
 </msg>
<status status="PASS" starttime="20210903 21:34:56.479" endtime="20210903 21:34:56.773"/>
</kw>
<status status="PASS" starttime="20210903 21:34:56.479" endtime="20210903 21:34:56.774"/>
</kw>
<status status="PASS" starttime="20210903 21:34:56.172" endtime="20210903 21:34:56.774"/>
</kw>
<test id="s1-s2-t1" name="Deve remover um personagem pelo ID">
<kw name="Factory Ciclope" library="Xmen">
<var>${personagem}</var>
<msg timestamp="20210903 21:34:56.775" level="INFO">${personagem} = {'name': 'Scott Summers', 'aliases': 'Ciclope', 'age': 25, 'team': 'X-men', 'active': True}</msg>
<status status="PASS" starttime="20210903 21:34:56.775" endtime="20210903 21:34:56.775"/>
</kw>
<kw name="POST New Character" library="Characters">
<var>${ciclope}</var>
<arg>${personagem}</arg>
<kw name="POST" library="RequestsLibrary">
<var>${response}</var>
<arg>${API_URL}/characters</arg>
<arg>json=${payload}</arg>
<arg>headers=${HEADERS}</arg>
<arg>expected_status=any</arg>
<doc>Sends a POST request.</doc>
<msg timestamp="20210903 21:34:57.081" level="INFO">POST Request : url=http://marvel.qaninja.academy/characters 
 path_url=/characters 
 headers={'User-Agent': 'python-requests/2.26.0', 'Accept-Encoding': 'gzip, deflate', 'Accept': '*/*', 'Connection': 'keep-alive', 'client_key': '6132ac1d6af31f00169d37fa', 'Content-Length': '91', 'Content-Type': 'application/json'} 
 body=b'{"name": "Scott Summers", "aliases": "Ciclope", "age": 25, "team": "X-men", "active": true}' 
 </msg>
<msg timestamp="20210903 21:34:57.081" level="INFO">POST Response : url=http://marvel.qaninja.academy/characters 
 status=200, reason=OK 
 headers={'Server': 'Cowboy', 'Connection': 'keep-alive', 'X-Powered-By': 'Express', 'Access-Control-Allow-Origin': '*', 'Content-Type': 'application/json; charset=utf-8', 'Content-Length': '150', 'Etag': 'W/"96-ej/K036qCS94XKMsbeqs/y3OHI8"', 'Date': 'Sat, 04 Sep 2021 00:34:56 GMT', 'Via': '1.1 vegur'} 
 body={"_id":"6132bf306af31f00169d4666","name":"Scott Summers","age":25,"aliases":"Ciclope","team":"X-men","active":true,"owner":"6132ac1d6af31f00169d37fa"} 
 </msg>
<msg timestamp="20210903 21:34:57.082" level="INFO">${response} = &lt;Response [200]&gt;</msg>
<status status="PASS" starttime="20210903 21:34:56.776" endtime="20210903 21:34:57.082"/>
</kw>
<msg timestamp="20210903 21:34:57.083" level="INFO">${ciclope} = &lt;Response [200]&gt;</msg>
<status status="PASS" starttime="20210903 21:34:56.776" endtime="20210903 21:34:57.083"/>
</kw>
<kw name="Set Variable" library="BuiltIn">
<var>${ciclope_id}</var>
<arg>${ciclope.json()}[_id]</arg>
<doc>Returns the given values which can then be assigned to a variables.</doc>
<msg timestamp="20210903 21:34:57.084" level="INFO">${ciclope_id} = 6132bf306af31f00169d4666</msg>
<status status="PASS" starttime="20210903 21:34:57.083" endtime="20210903 21:34:57.084"/>
</kw>
<kw name="DELETE Character By Id" library="Characters">
<var>${response}</var>
<arg>${ciclope_id}</arg>
<kw name="DELETE" library="RequestsLibrary">
<var>${response}</var>
<arg>${API_URL}/characters/${character_id}</arg>
<arg>headers=${HEADERS}</arg>
<arg>expected_status=any</arg>
<doc>Sends a DELETE request.</doc>
<msg timestamp="20210903 21:34:57.399" level="INFO">DELETE Request : url=http://marvel.qaninja.academy/characters/6132bf306af31f00169d4666 
 path_url=/characters/6132bf306af31f00169d4666 
 headers={'User-Agent': 'python-requests/2.26.0', 'Accept-Encoding': 'gzip, deflate', 'Accept': '*/*', 'Connection': 'keep-alive', 'client_key': '6132ac1d6af31f00169d37fa', 'Content-Length': '0'} 
 body=None 
 </msg>
<msg timestamp="20210903 21:34:57.399" level="INFO">DELETE Response : url=http://marvel.qaninja.academy/characters/6132bf306af31f00169d4666 
 status=204, reason=No Content 
 headers={'Server': 'Cowboy', 'Content-Length': '0', 'Connection': 'keep-alive', 'X-Powered-By': 'Express', 'Access-Control-Allow-Origin': '*', 'Date': 'Sat, 04 Sep 2021 00:34:56 GMT', 'Via': '1.1 vegur'} 
 body=None 
 </msg>
<msg timestamp="20210903 21:34:57.399" level="INFO">${response} = &lt;Response [204]&gt;</msg>
<status status="PASS" starttime="20210903 21:34:57.092" endtime="20210903 21:34:57.399"/>
</kw>
<msg timestamp="20210903 21:34:57.400" level="INFO">${response} = &lt;Response [204]&gt;</msg>
<status status="PASS" starttime="20210903 21:34:57.092" endtime="20210903 21:34:57.400"/>
</kw>
<kw name="Status Should Be" library="RequestsLibrary">
<arg>204</arg>
<arg>${response}</arg>
<doc>Fails if response status code is different than the expected.</doc>
<status status="PASS" starttime="20210903 21:34:57.402" endtime="20210903 21:34:57.402"/>
</kw>
<kw name="GET Character By Id" library="Characters">
<var>${response2}</var>
<arg>${ciclope_id}</arg>
<kw name="GET" library="RequestsLibrary">
<var>${response}</var>
<arg>${API_URL}/characters/${character_id}</arg>
<arg>headers=${HEADERS}</arg>
<arg>expected_status=any</arg>
<doc>Sends a GET request.</doc>
<msg timestamp="20210903 21:34:57.719" level="INFO">GET Request : url=http://marvel.qaninja.academy/characters/6132bf306af31f00169d4666 
 path_url=/characters/6132bf306af31f00169d4666 
 headers={'User-Agent': 'python-requests/2.26.0', 'Accept-Encoding': 'gzip, deflate', 'Accept': '*/*', 'Connection': 'keep-alive', 'client_key': '6132ac1d6af31f00169d37fa'} 
 body=None 
 </msg>
<msg timestamp="20210903 21:34:57.719" level="INFO">GET Response : url=http://marvel.qaninja.academy/characters/6132bf306af31f00169d4666 
 status=404, reason=Not Found 
 headers={'Server': 'Cowboy', 'Connection': 'keep-alive', 'X-Powered-By': 'Express', 'Access-Control-Allow-Origin': '*', 'Date': 'Sat, 04 Sep 2021 00:34:56 GMT', 'Content-Length': '0', 'Via': '1.1 vegur'} 
 body=None 
 </msg>
<msg timestamp="20210903 21:34:57.720" level="INFO">${response} = &lt;Response [404]&gt;</msg>
<status status="PASS" starttime="20210903 21:34:57.403" endtime="20210903 21:34:57.720"/>
</kw>
<msg timestamp="20210903 21:34:57.721" level="INFO">${response2} = &lt;Response [404]&gt;</msg>
<status status="PASS" starttime="20210903 21:34:57.403" endtime="20210903 21:34:57.721"/>
</kw>
<kw name="Status Should Be" library="RequestsLibrary">
<arg>404</arg>
<arg>${response2}</arg>
<doc>Fails if response status code is different than the expected.</doc>
<status status="PASS" starttime="20210903 21:34:57.721" endtime="20210903 21:34:57.722"/>
</kw>
<status status="PASS" starttime="20210903 21:34:56.775" endtime="20210903 21:34:57.722"/>
</test>
<test id="s1-s2-t2" name="Nao deve encontrar o personagem pelo Id">
<kw name="Get Unique Id" library="Helpers">
<var>${personagem_id}</var>
<msg timestamp="20210903 21:34:57.725" level="INFO">${personagem_id} = 6132bf319e026a3bbc0129a6</msg>
<status status="PASS" starttime="20210903 21:34:57.725" endtime="20210903 21:34:57.725"/>
</kw>
<kw name="DELETE Character By Id" library="Characters">
<var>${response}</var>
<arg>${personagem_id}</arg>
<kw name="DELETE" library="RequestsLibrary">
<var>${response}</var>
<arg>${API_URL}/characters/${character_id}</arg>
<arg>headers=${HEADERS}</arg>
<arg>expected_status=any</arg>
<doc>Sends a DELETE request.</doc>
<msg timestamp="20210903 21:34:58.014" level="INFO">DELETE Request : url=http://marvel.qaninja.academy/characters/6132bf319e026a3bbc0129a6 
 path_url=/characters/6132bf319e026a3bbc0129a6 
 headers={'User-Agent': 'python-requests/2.26.0', 'Accept-Encoding': 'gzip, deflate', 'Accept': '*/*', 'Connection': 'keep-alive', 'client_key': '6132ac1d6af31f00169d37fa', 'Content-Length': '0'} 
 body=None 
 </msg>
<msg timestamp="20210903 21:34:58.014" level="INFO">DELETE Response : url=http://marvel.qaninja.academy/characters/6132bf319e026a3bbc0129a6 
 status=404, reason=Not Found 
 headers={'Server': 'Cowboy', 'Connection': 'keep-alive', 'X-Powered-By': 'Express', 'Access-Control-Allow-Origin': '*', 'Date': 'Sat, 04 Sep 2021 00:34:57 GMT', 'Content-Length': '0', 'Via': '1.1 vegur'} 
 body=None 
 </msg>
<msg timestamp="20210903 21:34:58.014" level="INFO">${response} = &lt;Response [404]&gt;</msg>
<status status="PASS" starttime="20210903 21:34:57.726" endtime="20210903 21:34:58.014"/>
</kw>
<msg timestamp="20210903 21:34:58.015" level="INFO">${response} = &lt;Response [404]&gt;</msg>
<status status="PASS" starttime="20210903 21:34:57.726" endtime="20210903 21:34:58.015"/>
</kw>
<kw name="Status Should Be" library="RequestsLibrary">
<arg>404</arg>
<arg>${response}</arg>
<doc>Fails if response status code is different than the expected.</doc>
<status status="PASS" starttime="20210903 21:34:58.016" endtime="20210903 21:34:58.016"/>
</kw>
<status status="PASS" starttime="20210903 21:34:57.724" endtime="20210903 21:34:58.017"/>
</test>
<doc>Suite de Teste de Exclusao de personagens na API da Marvel</doc>
<status status="PASS" starttime="20210903 21:34:56.166" endtime="20210903 21:34:58.019"/>
</suite>
<suite id="s1-s3" name="SearchCharacters" source="C:\project\marvel-api\specs\SearchCharacters.robot">
<kw name="Super Setup" library="Base" type="SETUP">
<arg>mateus@msn.com</arg>
<kw name="Set Client Key" library="Base">
<arg>${email}</arg>
<kw name="Create Dictionary" library="BuiltIn">
<var>&amp;{usuario}</var>
<arg>email=${email}</arg>
<doc>Creates and returns a dictionary based on the given ``items``.</doc>
<msg timestamp="20210903 21:34:58.028" level="INFO">&amp;{usuario} = { email=mateus@msn.com }</msg>
<status status="PASS" starttime="20210903 21:34:58.027" endtime="20210903 21:34:58.028"/>
</kw>
<kw name="POST" library="RequestsLibrary">
<var>${response}</var>
<arg>${API_URL}/accounts</arg>
<arg>json=${usuario}</arg>
<doc>Sends a POST request.</doc>
<msg timestamp="20210903 21:34:58.308" level="INFO">POST Request : url=http://marvel.qaninja.academy/accounts 
 path_url=/accounts 
 headers={'User-Agent': 'python-requests/2.26.0', 'Accept-Encoding': 'gzip, deflate', 'Accept': '*/*', 'Connection': 'keep-alive', 'Content-Length': '27', 'Content-Type': 'application/json'} 
 body=b'{"email": "mateus@msn.com"}' 
 </msg>
<msg timestamp="20210903 21:34:58.308" level="INFO">POST Response : url=http://marvel.qaninja.academy/accounts 
 status=200, reason=OK 
 headers={'Server': 'Cowboy', 'Connection': 'keep-alive', 'X-Powered-By': 'Express', 'Access-Control-Allow-Origin': '*', 'Content-Type': 'application/json; charset=utf-8', 'Content-Length': '41', 'Etag': 'W/"29-O21do5zr4nvIqzKyNVPwxFbJi9c"', 'Date': 'Sat, 04 Sep 2021 00:34:57 GMT', 'Via': '1.1 vegur'} 
 body={"client_key":"6132ac1d6af31f00169d37fa"} 
 </msg>
<msg timestamp="20210903 21:34:58.309" level="INFO">${response} = &lt;Response [200]&gt;</msg>
<status status="PASS" starttime="20210903 21:34:58.029" endtime="20210903 21:34:58.309"/>
</kw>
<kw name="Set Variable" library="BuiltIn">
<var>${client_key}</var>
<arg>${response.json()}[client_key]</arg>
<doc>Returns the given values which can then be assigned to a variables.</doc>
<msg timestamp="20210903 21:34:58.310" level="INFO">${client_key} = 6132ac1d6af31f00169d37fa</msg>
<status status="PASS" starttime="20210903 21:34:58.310" endtime="20210903 21:34:58.310"/>
</kw>
<kw name="Create Dictionary" library="BuiltIn">
<var>&amp;{HEADERS}</var>
<arg>client_key=${client_key}</arg>
<doc>Creates and returns a dictionary based on the given ``items``.</doc>
<msg timestamp="20210903 21:34:58.311" level="INFO">&amp;{HEADERS} = { client_key=6132ac1d6af31f00169d37fa }</msg>
<status status="PASS" starttime="20210903 21:34:58.311" endtime="20210903 21:34:58.311"/>
</kw>
<kw name="Set Suite Variable" library="BuiltIn">
<arg>${HEADERS}</arg>
<doc>Makes a variable available everywhere within the scope of the current suite.</doc>
<msg timestamp="20210903 21:34:58.312" level="INFO">${HEADERS} = {'client_key': '6132ac1d6af31f00169d37fa'}</msg>
<status status="PASS" starttime="20210903 21:34:58.312" endtime="20210903 21:34:58.312"/>
</kw>
<status status="PASS" starttime="20210903 21:34:58.027" endtime="20210903 21:34:58.313"/>
</kw>
<kw name="Back To The Past" library="Base">
<kw name="DELETE" library="RequestsLibrary">
<arg>${API_URL}/delorean</arg>
<arg>headers=${HEADERS}</arg>
<doc>Sends a DELETE request.</doc>
<msg timestamp="20210903 21:34:58.605" level="INFO">DELETE Request : url=http://marvel.qaninja.academy/delorean 
 path_url=/delorean 
 headers={'User-Agent': 'python-requests/2.26.0', 'Accept-Encoding': 'gzip, deflate', 'Accept': '*/*', 'Connection': 'keep-alive', 'client_key': '6132ac1d6af31f00169d37fa', 'Content-Length': '0'} 
 body=None 
 </msg>
<msg timestamp="20210903 21:34:58.605" level="INFO">DELETE Response : url=http://marvel.qaninja.academy/delorean 
 status=200, reason=OK 
 headers={'Server': 'Cowboy', 'Connection': 'keep-alive', 'X-Powered-By': 'Express', 'Access-Control-Allow-Origin': '*', 'Content-Type': 'application/json; charset=utf-8', 'Content-Length': '31', 'Etag': 'W/"1f-ImqlboUfbv1n1FbEV48J/4RvhGg"', 'Date': 'Sat, 04 Sep 2021 00:34:57 GMT', 'Via': '1.1 vegur'} 
 body={"message":"Avengers Assemble"} 
 </msg>
<status status="PASS" starttime="20210903 21:34:58.313" endtime="20210903 21:34:58.605"/>
</kw>
<status status="PASS" starttime="20210903 21:34:58.313" endtime="20210903 21:34:58.606"/>
</kw>
<status status="PASS" starttime="20210903 21:34:58.027" endtime="20210903 21:34:58.606"/>
</kw>
<test id="s1-s3-t1" name="Deve buscar um personagem pelo ID">
<kw name="Factory Logan" library="Xmen">
<var>${personagem}</var>
<msg timestamp="20210903 21:34:58.607" level="INFO">${personagem} = {'name': 'Logan', 'aliases': 'Wolverine', 'age': 100, 'team': 'X-men', 'active': True}</msg>
<status status="PASS" starttime="20210903 21:34:58.607" endtime="20210903 21:34:58.607"/>
</kw>
<kw name="POST New Character" library="Characters">
<var>${logan}</var>
<arg>${personagem}</arg>
<kw name="POST" library="RequestsLibrary">
<var>${response}</var>
<arg>${API_URL}/characters</arg>
<arg>json=${payload}</arg>
<arg>headers=${HEADERS}</arg>
<arg>expected_status=any</arg>
<doc>Sends a POST request.</doc>
<msg timestamp="20210903 21:34:58.909" level="INFO">POST Request : url=http://marvel.qaninja.academy/characters 
 path_url=/characters 
 headers={'User-Agent': 'python-requests/2.26.0', 'Accept-Encoding': 'gzip, deflate', 'Accept': '*/*', 'Connection': 'keep-alive', 'client_key': '6132ac1d6af31f00169d37fa', 'Content-Length': '86', 'Content-Type': 'application/json'} 
 body=b'{"name": "Logan", "aliases": "Wolverine", "age": 100, "team": "X-men", "active": true}' 
 </msg>
<msg timestamp="20210903 21:34:58.909" level="INFO">POST Response : url=http://marvel.qaninja.academy/characters 
 status=200, reason=OK 
 headers={'Server': 'Cowboy', 'Connection': 'keep-alive', 'X-Powered-By': 'Express', 'Access-Control-Allow-Origin': '*', 'Content-Type': 'application/json; charset=utf-8', 'Content-Length': '145', 'Etag': 'W/"91-mvQElkGNCTxLfQUTfalddJFOaPg"', 'Date': 'Sat, 04 Sep 2021 00:34:58 GMT', 'Via': '1.1 vegur'} 
 body={"_id":"6132bf326af31f00169d4680","name":"Logan","age":100,"aliases":"Wolverine","team":"X-men","active":true,"owner":"6132ac1d6af31f00169d37fa"} 
 </msg>
<msg timestamp="20210903 21:34:58.909" level="INFO">${response} = &lt;Response [200]&gt;</msg>
<status status="PASS" starttime="20210903 21:34:58.608" endtime="20210903 21:34:58.909"/>
</kw>
<msg timestamp="20210903 21:34:58.910" level="INFO">${logan} = &lt;Response [200]&gt;</msg>
<status status="PASS" starttime="20210903 21:34:58.608" endtime="20210903 21:34:58.910"/>
</kw>
<kw name="Set Variable" library="BuiltIn">
<var>${logan_id}</var>
<arg>${logan.json()}[_id]</arg>
<doc>Returns the given values which can then be assigned to a variables.</doc>
<msg timestamp="20210903 21:34:58.912" level="INFO">${logan_id} = 6132bf326af31f00169d4680</msg>
<status status="PASS" starttime="20210903 21:34:58.911" endtime="20210903 21:34:58.912"/>
</kw>
<kw name="GET Character By Id" library="Characters">
<var>${response}</var>
<arg>${logan_id}</arg>
<kw name="GET" library="RequestsLibrary">
<var>${response}</var>
<arg>${API_URL}/characters/${character_id}</arg>
<arg>headers=${HEADERS}</arg>
<arg>expected_status=any</arg>
<doc>Sends a GET request.</doc>
<msg timestamp="20210903 21:34:59.203" level="INFO">GET Request : url=http://marvel.qaninja.academy/characters/6132bf326af31f00169d4680 
 path_url=/characters/6132bf326af31f00169d4680 
 headers={'User-Agent': 'python-requests/2.26.0', 'Accept-Encoding': 'gzip, deflate', 'Accept': '*/*', 'Connection': 'keep-alive', 'client_key': '6132ac1d6af31f00169d37fa'} 
 body=None 
 </msg>
<msg timestamp="20210903 21:34:59.203" level="INFO">GET Response : url=http://marvel.qaninja.academy/characters/6132bf326af31f00169d4680 
 status=200, reason=OK 
 headers={'Server': 'Cowboy', 'Connection': 'keep-alive', 'X-Powered-By': 'Express', 'Access-Control-Allow-Origin': '*', 'Content-Type': 'application/json; charset=utf-8', 'Content-Length': '145', 'Etag': 'W/"91-mvQElkGNCTxLfQUTfalddJFOaPg"', 'Date': 'Sat, 04 Sep 2021 00:34:58 GMT', 'Via': '1.1 vegur'} 
 body={"_id":"6132bf326af31f00169d4680","name":"Logan","age":100,"aliases":"Wolverine","team":"X-men","active":true,"owner":"6132ac1d6af31f00169d37fa"} 
 </msg>
<msg timestamp="20210903 21:34:59.204" level="INFO">${response} = &lt;Response [200]&gt;</msg>
<status status="PASS" starttime="20210903 21:34:58.913" endtime="20210903 21:34:59.204"/>
</kw>
<msg timestamp="20210903 21:34:59.205" level="INFO">${response} = &lt;Response [200]&gt;</msg>
<status status="PASS" starttime="20210903 21:34:58.912" endtime="20210903 21:34:59.205"/>
</kw>
<kw name="Status Should Be" library="RequestsLibrary">
<arg>200</arg>
<arg>${response}</arg>
<doc>Fails if response status code is different than the expected.</doc>
<status status="PASS" starttime="20210903 21:34:59.212" endtime="20210903 21:34:59.213"/>
</kw>
<kw name="Should Be Equal" library="BuiltIn">
<arg>${logan.json()}[name]</arg>
<arg>${personagem}[name]</arg>
<doc>Fails if the given objects are unequal.</doc>
<status status="PASS" starttime="20210903 21:34:59.213" endtime="20210903 21:34:59.213"/>
</kw>
<kw name="Should Be Equal" library="BuiltIn">
<arg>${logan.json()}[aliases]</arg>
<arg>${personagem}[aliases]</arg>
<doc>Fails if the given objects are unequal.</doc>
<status status="PASS" starttime="20210903 21:34:59.214" endtime="20210903 21:34:59.214"/>
</kw>
<kw name="Should Be Equal" library="BuiltIn">
<arg>${logan.json()}[age]</arg>
<arg>${personagem}[age]</arg>
<doc>Fails if the given objects are unequal.</doc>
<status status="PASS" starttime="20210903 21:34:59.215" endtime="20210903 21:34:59.215"/>
</kw>
<kw name="Should Be Equal" library="BuiltIn">
<arg>${logan.json()}[team]</arg>
<arg>${personagem}[team]</arg>
<doc>Fails if the given objects are unequal.</doc>
<status status="PASS" starttime="20210903 21:34:59.215" endtime="20210903 21:34:59.216"/>
</kw>
<kw name="Should Be Equal" library="BuiltIn">
<arg>${logan.json()}[active]</arg>
<arg>${personagem}[active]</arg>
<doc>Fails if the given objects are unequal.</doc>
<status status="PASS" starttime="20210903 21:34:59.216" endtime="20210903 21:34:59.217"/>
</kw>
<status status="PASS" starttime="20210903 21:34:58.606" endtime="20210903 21:34:59.217"/>
</test>
<test id="s1-s3-t2" name="Nao deve retornar o personagem pelo Id">
<kw name="Get Unique Id" library="Helpers">
<var>${personagem_id}</var>
<msg timestamp="20210903 21:34:59.220" level="INFO">${personagem_id} = 6132bf339e026a3bbc0129a7</msg>
<status status="PASS" starttime="20210903 21:34:59.220" endtime="20210903 21:34:59.220"/>
</kw>
<kw name="GET Character By Id" library="Characters">
<var>${response}</var>
<arg>${personagem_id}</arg>
<kw name="GET" library="RequestsLibrary">
<var>${response}</var>
<arg>${API_URL}/characters/${character_id}</arg>
<arg>headers=${HEADERS}</arg>
<arg>expected_status=any</arg>
<doc>Sends a GET request.</doc>
<msg timestamp="20210903 21:34:59.507" level="INFO">GET Request : url=http://marvel.qaninja.academy/characters/6132bf339e026a3bbc0129a7 
 path_url=/characters/6132bf339e026a3bbc0129a7 
 headers={'User-Agent': 'python-requests/2.26.0', 'Accept-Encoding': 'gzip, deflate', 'Accept': '*/*', 'Connection': 'keep-alive', 'client_key': '6132ac1d6af31f00169d37fa'} 
 body=None 
 </msg>
<msg timestamp="20210903 21:34:59.507" level="INFO">GET Response : url=http://marvel.qaninja.academy/characters/6132bf339e026a3bbc0129a7 
 status=404, reason=Not Found 
 headers={'Server': 'Cowboy', 'Connection': 'keep-alive', 'X-Powered-By': 'Express', 'Access-Control-Allow-Origin': '*', 'Date': 'Sat, 04 Sep 2021 00:34:58 GMT', 'Content-Length': '0', 'Via': '1.1 vegur'} 
 body=None 
 </msg>
<msg timestamp="20210903 21:34:59.507" level="INFO">${response} = &lt;Response [404]&gt;</msg>
<status status="PASS" starttime="20210903 21:34:59.221" endtime="20210903 21:34:59.507"/>
</kw>
<msg timestamp="20210903 21:34:59.508" level="INFO">${response} = &lt;Response [404]&gt;</msg>
<status status="PASS" starttime="20210903 21:34:59.221" endtime="20210903 21:34:59.508"/>
</kw>
<kw name="Status Should Be" library="RequestsLibrary">
<arg>404</arg>
<arg>${response}</arg>
<doc>Fails if response status code is different than the expected.</doc>
<status status="PASS" starttime="20210903 21:34:59.509" endtime="20210903 21:34:59.509"/>
</kw>
<status status="PASS" starttime="20210903 21:34:59.220" endtime="20210903 21:34:59.509"/>
</test>
<doc>Suite de Teste de Busca de personagens na API da Marvel</doc>
<status status="PASS" starttime="20210903 21:34:58.022" endtime="20210903 21:34:59.512"/>
</suite>
<status status="PASS" starttime="20210903 21:34:54.396" endtime="20210903 21:34:59.515"/>
</suite>
<statistics>
<total>
<stat pass="6" fail="0" skip="0">All Tests</stat>
</total>
<tag>
<stat pass="1" fail="0" skip="0">dup</stat>
</tag>
<suite>
<stat pass="6" fail="0" skip="0" id="s1" name="Specs">Specs</stat>
<stat pass="2" fail="0" skip="0" id="s1-s1" name="CreateCharacters">Specs.CreateCharacters</stat>
<stat pass="2" fail="0" skip="0" id="s1-s2" name="RemoveCharacters">Specs.RemoveCharacters</stat>
<stat pass="2" fail="0" skip="0" id="s1-s3" name="SearchCharacters">Specs.SearchCharacters</stat>
</suite>
</statistics>
<errors>
</errors>
</robot>
